ERROR - 2025-10-29 08:04:01 --> Error connecting to the database: mysqli_sql_exception: Access denied for user ''@'localhost' (using password: NO) in D:\xampp\htdocs\pustaka\system\Database\MySQLi\Connection.php:201
Stack trace:
#0 D:\xampp\htdocs\pustaka\system\Database\MySQLi\Connection.php(201): mysqli->real_connect('localhost', '', Object(SensitiveParameterValue), '', 3306, '', 0)
#1 D:\xampp\htdocs\pustaka\system\Database\BaseConnection.php(421): CodeIgniter\Database\MySQLi\Connection->connect(false)
#2 D:\xampp\htdocs\pustaka\system\Database\BaseConnection.php(620): CodeIgniter\Database\BaseConnection->initialize()
#3 D:\xampp\htdocs\pustaka\system\Database\BaseBuilder.php(1787): CodeIgniter\Database\BaseConnection->query('SELECT *\nFROM `...', Array, false)
#4 D:\xampp\htdocs\pustaka\app\Models\ModelUser.php(35): CodeIgniter\Database\BaseBuilder->getWhere(Array)
#5 D:\xampp\htdocs\pustaka\app\Controllers\Autentifikasi.php(77): App\Models\ModelUser->cekData(Array)
#6 D:\xampp\htdocs\pustaka\app\Controllers\Autentifikasi.php(67): App\Controllers\Autentifikasi->_login()
#7 D:\xampp\htdocs\pustaka\system\CodeIgniter.php(933): App\Controllers\Autentifikasi->index()
#8 D:\xampp\htdocs\pustaka\system\CodeIgniter.php(507): CodeIgniter\CodeIgniter->runController(Object(App\Controllers\Autentifikasi))
#9 D:\xampp\htdocs\pustaka\system\CodeIgniter.php(354): CodeIgniter\CodeIgniter->handleRequest(NULL, Object(Config\Cache), false)
#10 D:\xampp\htdocs\pustaka\system\Boot.php(334): CodeIgniter\CodeIgniter->run()
#11 D:\xampp\htdocs\pustaka\system\Boot.php(67): CodeIgniter\Boot::runCodeIgniter(Object(CodeIgniter\CodeIgniter))
#12 D:\xampp\htdocs\pustaka\public\index.php(59): CodeIgniter\Boot::bootWeb(Object(Config\Paths))
#13 {main}

Next CodeIgniter\Database\Exceptions\DatabaseException: Access denied for user ''@'localhost' (using password: NO) in D:\xampp\htdocs\pustaka\system\Database\MySQLi\Connection.php:246
Stack trace:
#0 D:\xampp\htdocs\pustaka\system\Database\BaseConnection.php(421): CodeIgniter\Database\MySQLi\Connection->connect(false)
#1 D:\xampp\htdocs\pustaka\system\Database\BaseConnection.php(620): CodeIgniter\Database\BaseConnection->initialize()
#2 D:\xampp\htdocs\pustaka\system\Database\BaseBuilder.php(1787): CodeIgniter\Database\BaseConnection->query('SELECT *\nFROM `...', Array, false)
#3 D:\xampp\htdocs\pustaka\app\Models\ModelUser.php(35): CodeIgniter\Database\BaseBuilder->getWhere(Array)
#4 D:\xampp\htdocs\pustaka\app\Controllers\Autentifikasi.php(77): App\Models\ModelUser->cekData(Array)
#5 D:\xampp\htdocs\pustaka\app\Controllers\Autentifikasi.php(67): App\Controllers\Autentifikasi->_login()
#6 D:\xampp\htdocs\pustaka\system\CodeIgniter.php(933): App\Controllers\Autentifikasi->index()
#7 D:\xampp\htdocs\pustaka\system\CodeIgniter.php(507): CodeIgniter\CodeIgniter->runController(Object(App\Controllers\Autentifikasi))
#8 D:\xampp\htdocs\pustaka\system\CodeIgniter.php(354): CodeIgniter\CodeIgniter->handleRequest(NULL, Object(Config\Cache), false)
#9 D:\xampp\htdocs\pustaka\system\Boot.php(334): CodeIgniter\CodeIgniter->run()
#10 D:\xampp\htdocs\pustaka\system\Boot.php(67): CodeIgniter\Boot::runCodeIgniter(Object(CodeIgniter\CodeIgniter))
#11 D:\xampp\htdocs\pustaka\public\index.php(59): CodeIgniter\Boot::bootWeb(Object(Config\Paths))
#12 {main}
CRITICAL - 2025-10-29 08:04:01 --> CodeIgniter\Database\Exceptions\DatabaseException: Unable to connect to the database.
Main connection [MySQLi]: Access denied for user ''@'localhost' (using password: NO)
[Method: POST, Route: autentifikasi]
in SYSTEMPATH\Database\BaseConnection.php on line 467.
 1 SYSTEMPATH\Database\BaseConnection.php(620): CodeIgniter\Database\BaseConnection->initialize()
 2 SYSTEMPATH\Database\BaseBuilder.php(1787): CodeIgniter\Database\BaseConnection->query('SELECT *
FROM `user`
WHERE `email` = :email:', [...], false)
 3 APPPATH\Models\ModelUser.php(35): CodeIgniter\Database\BaseBuilder->getWhere([...])
 4 APPPATH\Controllers\Autentifikasi.php(77): App\Models\ModelUser->cekData([...])
 5 APPPATH\Controllers\Autentifikasi.php(67): App\Controllers\Autentifikasi->_login()
 6 SYSTEMPATH\CodeIgniter.php(933): App\Controllers\Autentifikasi->index()
 7 SYSTEMPATH\CodeIgniter.php(507): CodeIgniter\CodeIgniter->runController(Object(App\Controllers\Autentifikasi))
 8 SYSTEMPATH\CodeIgniter.php(354): CodeIgniter\CodeIgniter->handleRequest(null, Object(Config\Cache), false)
 9 SYSTEMPATH\Boot.php(334): CodeIgniter\CodeIgniter->run()
10 SYSTEMPATH\Boot.php(67): CodeIgniter\Boot::runCodeIgniter(Object(CodeIgniter\CodeIgniter))
11 FCPATH\index.php(59): CodeIgniter\Boot::bootWeb(Object(Config\Paths))
CRITICAL - 2025-10-29 08:09:53 --> Error: Cannot call constructor
[Method: POST, Route: autentifikasi]
in APPPATH\Controllers\Autentifikasi.php on line 17.
 1 SYSTEMPATH\CodeIgniter.php(903): App\Controllers\Autentifikasi->__construct()
 2 SYSTEMPATH\CodeIgniter.php(498): CodeIgniter\CodeIgniter->createController()
 3 SYSTEMPATH\CodeIgniter.php(354): CodeIgniter\CodeIgniter->handleRequest(null, Object(Config\Cache), false)
 4 SYSTEMPATH\Boot.php(334): CodeIgniter\CodeIgniter->run()
 5 SYSTEMPATH\Boot.php(67): CodeIgniter\Boot::runCodeIgniter(Object(CodeIgniter\CodeIgniter))
 6 FCPATH\index.php(59): CodeIgniter\Boot::bootWeb(Object(Config\Paths))
CRITICAL - 2025-10-29 08:09:57 --> Error: Cannot call constructor
[Method: GET, Route: /]
in APPPATH\Controllers\Autentifikasi.php on line 17.
 1 SYSTEMPATH\CodeIgniter.php(903): App\Controllers\Autentifikasi->__construct()
 2 SYSTEMPATH\CodeIgniter.php(498): CodeIgniter\CodeIgniter->createController()
 3 SYSTEMPATH\CodeIgniter.php(354): CodeIgniter\CodeIgniter->handleRequest(null, Object(Config\Cache), false)
 4 SYSTEMPATH\Boot.php(334): CodeIgniter\CodeIgniter->run()
 5 SYSTEMPATH\Boot.php(67): CodeIgniter\Boot::runCodeIgniter(Object(CodeIgniter\CodeIgniter))
 6 FCPATH\index.php(59): CodeIgniter\Boot::bootWeb(Object(Config\Paths))
DEBUG - 2025-10-29 08:11:45 --> Session: Class initialized using 'CodeIgniter\Session\Handlers\FileHandler' driver.
DEBUG - 2025-10-29 08:12:11 --> Session: Class initialized using 'CodeIgniter\Session\Handlers\FileHandler' driver.
DEBUG - 2025-10-29 08:13:01 --> Session: Class initialized using 'CodeIgniter\Session\Handlers\FileHandler' driver.
DEBUG - 2025-10-29 08:13:50 --> Session: Class initialized using 'CodeIgniter\Session\Handlers\FileHandler' driver.
CRITICAL - 2025-10-29 08:14:45 --> Error: Cannot call constructor
[Method: POST, Route: autentifikasi]
in APPPATH\Controllers\Autentifikasi.php on line 17.
 1 SYSTEMPATH\CodeIgniter.php(903): App\Controllers\Autentifikasi->__construct()
 2 SYSTEMPATH\CodeIgniter.php(498): CodeIgniter\CodeIgniter->createController()
 3 SYSTEMPATH\CodeIgniter.php(354): CodeIgniter\CodeIgniter->handleRequest(null, Object(Config\Cache), false)
 4 SYSTEMPATH\Boot.php(334): CodeIgniter\CodeIgniter->run()
 5 SYSTEMPATH\Boot.php(67): CodeIgniter\Boot::runCodeIgniter(Object(CodeIgniter\CodeIgniter))
 6 FCPATH\index.php(59): CodeIgniter\Boot::bootWeb(Object(Config\Paths))
DEBUG - 2025-10-29 08:17:20 --> Session: Class initialized using 'CodeIgniter\Session\Handlers\FileHandler' driver.
DEBUG - 2025-10-29 08:17:23 --> Session: Class initialized using 'CodeIgniter\Session\Handlers\FileHandler' driver.
DEBUG - 2025-10-29 08:19:04 --> Session: Class initialized using 'CodeIgniter\Session\Handlers\FileHandler' driver.
DEBUG - 2025-10-29 08:19:31 --> Session: Class initialized using 'CodeIgniter\Session\Handlers\FileHandler' driver.
DEBUG - 2025-10-29 08:19:38 --> Session: Class initialized using 'CodeIgniter\Session\Handlers\FileHandler' driver.
DEBUG - 2025-10-29 08:22:31 --> Session: Class initialized using 'CodeIgniter\Session\Handlers\FileHandler' driver.
CRITICAL - 2025-10-29 08:22:50 --> ErrorException: Constant expression contains invalid operations
[Method: POST, Route: autentifikasi]
in APPPATH\Config\Database.php on line 27.
 1 [internal function]: CodeIgniter\Debug\Exceptions->shutdownHandler()
CRITICAL - 2025-10-29 08:24:30 --> ErrorException: Undefined property: Config\Database::$defaultGroup
[Method: POST, Route: autentifikasi]
in SYSTEMPATH\Database\Config.php on line 64.
 1 SYSTEMPATH\Database\Config.php(64): CodeIgniter\Debug\Exceptions->errorHandler(2, 'Undefined property: Config\\Database::$defaultGroup', 'D:\\xampp\\htdocs\\pustaka\\system\\Database\\Config.php', 64)
 2 SYSTEMPATH\Model.php(155): CodeIgniter\Database\Config::connect(null)
 3 APPPATH\Controllers\Autentifikasi.php(18): CodeIgniter\Model->__construct()
 4 SYSTEMPATH\CodeIgniter.php(903): App\Controllers\Autentifikasi->__construct()
 5 SYSTEMPATH\CodeIgniter.php(498): CodeIgniter\CodeIgniter->createController()
 6 SYSTEMPATH\CodeIgniter.php(354): CodeIgniter\CodeIgniter->handleRequest(null, Object(Config\Cache), false)
 7 SYSTEMPATH\Boot.php(334): CodeIgniter\CodeIgniter->run()
 8 SYSTEMPATH\Boot.php(67): CodeIgniter\Boot::runCodeIgniter(Object(CodeIgniter\CodeIgniter))
 9 FCPATH\index.php(59): CodeIgniter\Boot::bootWeb(Object(Config\Paths))
CRITICAL - 2025-10-29 08:24:39 --> ErrorException: Undefined property: Config\Database::$defaultGroup
[Method: GET, Route: /]
in SYSTEMPATH\Database\Config.php on line 64.
 1 SYSTEMPATH\Database\Config.php(64): CodeIgniter\Debug\Exceptions->errorHandler(2, 'Undefined property: Config\\Database::$defaultGroup', 'D:\\xampp\\htdocs\\pustaka\\system\\Database\\Config.php', 64)
 2 SYSTEMPATH\Model.php(155): CodeIgniter\Database\Config::connect(null)
 3 APPPATH\Controllers\Autentifikasi.php(18): CodeIgniter\Model->__construct()
 4 SYSTEMPATH\CodeIgniter.php(903): App\Controllers\Autentifikasi->__construct()
 5 SYSTEMPATH\CodeIgniter.php(498): CodeIgniter\CodeIgniter->createController()
 6 SYSTEMPATH\CodeIgniter.php(354): CodeIgniter\CodeIgniter->handleRequest(null, Object(Config\Cache), false)
 7 SYSTEMPATH\Boot.php(334): CodeIgniter\CodeIgniter->run()
 8 SYSTEMPATH\Boot.php(67): CodeIgniter\Boot::runCodeIgniter(Object(CodeIgniter\CodeIgniter))
 9 FCPATH\index.php(59): CodeIgniter\Boot::bootWeb(Object(Config\Paths))
CRITICAL - 2025-10-29 08:24:57 --> ErrorException: Constant expression contains invalid operations
[Method: GET, Route: /]
in APPPATH\Config\Database.php on line 27.
 1 [internal function]: CodeIgniter\Debug\Exceptions->shutdownHandler()
CRITICAL - 2025-10-29 08:25:05 --> ErrorException: Constant expression contains invalid operations
[Method: GET, Route: /]
in APPPATH\Config\Database.php on line 27.
 1 [internal function]: CodeIgniter\Debug\Exceptions->shutdownHandler()
CRITICAL - 2025-10-29 08:25:05 --> ErrorException: Constant expression contains invalid operations
[Method: GET, Route: /]
in APPPATH\Config\Database.php on line 27.
 1 [internal function]: CodeIgniter\Debug\Exceptions->shutdownHandler()
CRITICAL - 2025-10-29 08:27:23 --> ErrorException: Constant expression contains invalid operations
[Method: GET, Route: /]
in APPPATH\Config\Database.php on line 27.
 1 [internal function]: CodeIgniter\Debug\Exceptions->shutdownHandler()
CRITICAL - 2025-10-29 08:27:24 --> ErrorException: Constant expression contains invalid operations
[Method: GET, Route: /]
in APPPATH\Config\Database.php on line 27.
 1 [internal function]: CodeIgniter\Debug\Exceptions->shutdownHandler()
CRITICAL - 2025-10-29 08:27:25 --> ErrorException: Constant expression contains invalid operations
[Method: GET, Route: /]
in APPPATH\Config\Database.php on line 27.
 1 [internal function]: CodeIgniter\Debug\Exceptions->shutdownHandler()
DEBUG - 2025-10-29 08:29:43 --> Session: Class initialized using 'CodeIgniter\Session\Handlers\FileHandler' driver.
DEBUG - 2025-10-29 08:30:00 --> Session: Class initialized using 'CodeIgniter\Session\Handlers\FileHandler' driver.
DEBUG - 2025-10-29 08:30:07 --> Session: Class initialized using 'CodeIgniter\Session\Handlers\FileHandler' driver.
DEBUG - 2025-10-29 08:30:41 --> Session: Class initialized using 'CodeIgniter\Session\Handlers\FileHandler' driver.
DEBUG - 2025-10-29 08:34:22 --> Session: Class initialized using 'CodeIgniter\Session\Handlers\FileHandler' driver.
DEBUG - 2025-10-29 08:34:37 --> Session: Class initialized using 'CodeIgniter\Session\Handlers\FileHandler' driver.
CRITICAL - 2025-10-29 08:35:52 --> Error: Cannot call constructor
[Method: POST, Route: autentifikasi]
in APPPATH\Controllers\Autentifikasi.php on line 18.
 1 SYSTEMPATH\CodeIgniter.php(903): App\Controllers\Autentifikasi->__construct()
 2 SYSTEMPATH\CodeIgniter.php(498): CodeIgniter\CodeIgniter->createController()
 3 SYSTEMPATH\CodeIgniter.php(354): CodeIgniter\CodeIgniter->handleRequest(null, Object(Config\Cache), false)
 4 SYSTEMPATH\Boot.php(334): CodeIgniter\CodeIgniter->run()
 5 SYSTEMPATH\Boot.php(67): CodeIgniter\Boot::runCodeIgniter(Object(CodeIgniter\CodeIgniter))
 6 FCPATH\index.php(59): CodeIgniter\Boot::bootWeb(Object(Config\Paths))
DEBUG - 2025-10-29 08:37:34 --> Session: Class initialized using 'CodeIgniter\Session\Handlers\FileHandler' driver.
DEBUG - 2025-10-29 08:37:40 --> Session: Class initialized using 'CodeIgniter\Session\Handlers\FileHandler' driver.
DEBUG - 2025-10-29 08:37:47 --> Session: Class initialized using 'CodeIgniter\Session\Handlers\FileHandler' driver.
DEBUG - 2025-10-29 08:39:55 --> Session: Class initialized using 'CodeIgniter\Session\Handlers\FileHandler' driver.
DEBUG - 2025-10-29 08:39:57 --> Session: Class initialized using 'CodeIgniter\Session\Handlers\FileHandler' driver.
DEBUG - 2025-10-29 08:40:09 --> Session: Class initialized using 'CodeIgniter\Session\Handlers\FileHandler' driver.
DEBUG - 2025-10-29 08:42:07 --> Session: Class initialized using 'CodeIgniter\Session\Handlers\FileHandler' driver.
DEBUG - 2025-10-29 08:46:55 --> Session: Class initialized using 'CodeIgniter\Session\Handlers\FileHandler' driver.
DEBUG - 2025-10-29 08:47:01 --> Session: Class initialized using 'CodeIgniter\Session\Handlers\FileHandler' driver.
ERROR - 2025-10-29 08:47:01 --> Error connecting to the database: TypeError: mysqli::real_connect(): Argument #5 ($port) must be of type ?int, string given in D:\xampp\htdocs\pustaka\system\Database\MySQLi\Connection.php:201
Stack trace:
#0 D:\xampp\htdocs\pustaka\system\Database\MySQLi\Connection.php(201): mysqli->real_connect('localhost', 'root', Object(SensitiveParameterValue), 'pustaka', '3306', '', 0)
#1 D:\xampp\htdocs\pustaka\system\Database\BaseConnection.php(421): CodeIgniter\Database\MySQLi\Connection->connect(false)
#2 D:\xampp\htdocs\pustaka\system\Database\BaseConnection.php(620): CodeIgniter\Database\BaseConnection->initialize()
#3 D:\xampp\htdocs\pustaka\system\Database\BaseBuilder.php(1787): CodeIgniter\Database\BaseConnection->query('SELECT *\nFROM `...', Array, false)
#4 D:\xampp\htdocs\pustaka\app\Models\ModelUser.php(35): CodeIgniter\Database\BaseBuilder->getWhere(Array)
#5 D:\xampp\htdocs\pustaka\app\Controllers\Autentifikasi.php(70): App\Models\ModelUser->cekData(Array)
#6 D:\xampp\htdocs\pustaka\app\Controllers\Autentifikasi.php(60): App\Controllers\Autentifikasi->_login()
#7 D:\xampp\htdocs\pustaka\system\CodeIgniter.php(933): App\Controllers\Autentifikasi->index()
#8 D:\xampp\htdocs\pustaka\system\CodeIgniter.php(507): CodeIgniter\CodeIgniter->runController(Object(App\Controllers\Autentifikasi))
#9 D:\xampp\htdocs\pustaka\system\CodeIgniter.php(354): CodeIgniter\CodeIgniter->handleRequest(NULL, Object(Config\Cache), false)
#10 D:\xampp\htdocs\pustaka\system\Boot.php(334): CodeIgniter\CodeIgniter->run()
#11 D:\xampp\htdocs\pustaka\system\Boot.php(67): CodeIgniter\Boot::runCodeIgniter(Object(CodeIgniter\CodeIgniter))
#12 D:\xampp\htdocs\pustaka\public\index.php(59): CodeIgniter\Boot::bootWeb(Object(Config\Paths))
#13 {main}

Next CodeIgniter\Database\Exceptions\DatabaseException: mysqli::real_connect(): Argument #5 ($port) must be of type ?int, string given in D:\xampp\htdocs\pustaka\system\Database\MySQLi\Connection.php:246
Stack trace:
#0 D:\xampp\htdocs\pustaka\system\Database\BaseConnection.php(421): CodeIgniter\Database\MySQLi\Connection->connect(false)
#1 D:\xampp\htdocs\pustaka\system\Database\BaseConnection.php(620): CodeIgniter\Database\BaseConnection->initialize()
#2 D:\xampp\htdocs\pustaka\system\Database\BaseBuilder.php(1787): CodeIgniter\Database\BaseConnection->query('SELECT *\nFROM `...', Array, false)
#3 D:\xampp\htdocs\pustaka\app\Models\ModelUser.php(35): CodeIgniter\Database\BaseBuilder->getWhere(Array)
#4 D:\xampp\htdocs\pustaka\app\Controllers\Autentifikasi.php(70): App\Models\ModelUser->cekData(Array)
#5 D:\xampp\htdocs\pustaka\app\Controllers\Autentifikasi.php(60): App\Controllers\Autentifikasi->_login()
#6 D:\xampp\htdocs\pustaka\system\CodeIgniter.php(933): App\Controllers\Autentifikasi->index()
#7 D:\xampp\htdocs\pustaka\system\CodeIgniter.php(507): CodeIgniter\CodeIgniter->runController(Object(App\Controllers\Autentifikasi))
#8 D:\xampp\htdocs\pustaka\system\CodeIgniter.php(354): CodeIgniter\CodeIgniter->handleRequest(NULL, Object(Config\Cache), false)
#9 D:\xampp\htdocs\pustaka\system\Boot.php(334): CodeIgniter\CodeIgniter->run()
#10 D:\xampp\htdocs\pustaka\system\Boot.php(67): CodeIgniter\Boot::runCodeIgniter(Object(CodeIgniter\CodeIgniter))
#11 D:\xampp\htdocs\pustaka\public\index.php(59): CodeIgniter\Boot::bootWeb(Object(Config\Paths))
#12 {main}
CRITICAL - 2025-10-29 08:47:01 --> CodeIgniter\Database\Exceptions\DatabaseException: Unable to connect to the database.
Main connection [MySQLi]: mysqli::real_connect(): Argument #5 ($port) must be of type ?int, string given
[Method: POST, Route: autentifikasi]
in SYSTEMPATH\Database\BaseConnection.php on line 467.
 1 SYSTEMPATH\Database\BaseConnection.php(620): CodeIgniter\Database\BaseConnection->initialize()
 2 SYSTEMPATH\Database\BaseBuilder.php(1787): CodeIgniter\Database\BaseConnection->query('SELECT *
FROM `user`
WHERE `email` = :email:', [...], false)
 3 APPPATH\Models\ModelUser.php(35): CodeIgniter\Database\BaseBuilder->getWhere([...])
 4 APPPATH\Controllers\Autentifikasi.php(70): App\Models\ModelUser->cekData([...])
 5 APPPATH\Controllers\Autentifikasi.php(60): App\Controllers\Autentifikasi->_login()
 6 SYSTEMPATH\CodeIgniter.php(933): App\Controllers\Autentifikasi->index()
 7 SYSTEMPATH\CodeIgniter.php(507): CodeIgniter\CodeIgniter->runController(Object(App\Controllers\Autentifikasi))
 8 SYSTEMPATH\CodeIgniter.php(354): CodeIgniter\CodeIgniter->handleRequest(null, Object(Config\Cache), false)
 9 SYSTEMPATH\Boot.php(334): CodeIgniter\CodeIgniter->run()
10 SYSTEMPATH\Boot.php(67): CodeIgniter\Boot::runCodeIgniter(Object(CodeIgniter\CodeIgniter))
11 FCPATH\index.php(59): CodeIgniter\Boot::bootWeb(Object(Config\Paths))
DEBUG - 2025-10-29 08:49:02 --> Session: Class initialized using 'CodeIgniter\Session\Handlers\FileHandler' driver.
DEBUG - 2025-10-29 08:49:08 --> Session: Class initialized using 'CodeIgniter\Session\Handlers\FileHandler' driver.
